Removed Pin From Net: NetName=NetC1_1 Pin=I1-1
Removed Pin From Net: NetName=+5V Pin=I1-2
Removed Pin From Net: NetName=USB_N Pin=R1-1
Removed Pin From Net: NetName=USB_P Pin=R2-1
Removed Pin From Net: NetName=NetR2_2 Pin=R3-1
Removed Pin From Net: NetName=+5V Pin=U1-3
Removed Pin From Net: NetName=+5V Pin=U1-4
Removed Pin From Net: NetName=NetR2_2 Pin=U1-7
Removed Pin From Net: NetName=GND Pin=U1-9
Removed Pin From Net: NetName=GND Pin=U1-14
Removed Pin From Net: NetName=GND Pin=U1-17
Removed Pin From Net: NetName=RXUS Pin=U1-24
Removed Pin From Net: NetName=TXUS Pin=U1-25
Removed Pin From Net: NetName=+5V Pin=U1-26
Removed Pin From Net: NetName=GND Pin=U1-29
Removed Pin From Net: NetName=NetC1_1 Pin=U1-30
Removed Pin From Net: NetName=GND Pin=U1-31
Change Component Comment : Designator=Y1 Old Comment=6Mhz New Comment=12Mhz
Change Component Comment : Designator=C3 Old Comment=27pf New Comment=1uf
Change Component Comment : Designator=C4 Old Comment=27pf New Comment=1uf
Change Component Comment : Designator=C1 Old Comment=100nf New Comment=10pf
Change Component Comment : Designator=C2 Old Comment=100nf New Comment=10pf
Change Component Comment : Designator=R1 Old Comment=330 New Comment=15K
Change Component Comment : Designator=U1 Old Comment=FT232BL New Comment=PL2303TA
Change component parameters: Designator = "U1"; Footprint = "SOP65P780X200-28N"; UniqueID = "\TSTCPWDD\RUVKFDQD"
Change component parameters. Clean all parameters for all variants
Added Pin To Net: NetName=+3.3V Pin=C3-2
Added Pin To Net: NetName=+5V Pin=C4-2
Added Pin To Net: NetName=+3.3V Pin=R1-1
Added Pin To Net: NetName=RXUS Pin=R1-2
Added Pin To Net: NetName=USB_P Pin=R3-1
Added Pin To Net: NetName=NetR2_2 Pin=R3-2
Added Pin To Net: NetName=USB_N Pin=R4-1
Added Pin To Net: NetName=TXUS Pin=U1-1
Added Pin To Net: NetName=+3.3V Pin=U1-4
Added Pin To Net: NetName=RXUS Pin=U1-5
Added Pin To Net: NetName=GND Pin=U1-7
Added Pin To Net: NetName=NetR2_2 Pin=U1-15
Added Pin To Net: NetName=GND Pin=U1-18
Added Pin To Net: NetName=+5V Pin=U1-20
Added Pin To Net: NetName=GND Pin=U1-21
Added Pin To Net: NetName=GND Pin=U1-22
Added Pin To Net: NetName=GND Pin=U1-23
Added Pin To Net: NetName=GND Pin=U1-25
Added Pin To Net: NetName=GND Pin=U1-26
Added Pin To Net: NetName=NetC1_1 Pin=U1-28
Added Pin To Net: NetName=NetC1_1 Pin=Y1-1
Added Pin To Net: NetName=NetC2_1 Pin=C2-1
Added Pin To Net: NetName=NetC2_1 Pin=U1-27
Added Pin To Net: NetName=NetC2_1 Pin=Y1-2
Added Net: Name=NetC2_1
Added Pin To Net: NetName=NetDZ1_A Pin=T1-1
Added Net: Name=NetDZ1_A
Added Pin To Net: NetName=NetR4_2 Pin=R4-2
Added Pin To Net: NetName=NetR4_2 Pin=U1-16
Added Net: Name=NetR4_2
Added Pin To Net: NetName=Vo33 Pin=R2-1
Added Pin To Net: NetName=Vo33 Pin=U1-17
Added Net: Name=Vo33
Added Member To Class: ClassName=U_Communication and peripherals Member=Component C1 10pf
Added Member To Class: ClassName=U_Communication and peripherals Member=Component C2 10pf
Added Member To Class: ClassName=U_Communication and peripherals Member=Component C3 1uf
Added Member To Class: ClassName=U_Communication and peripherals Member=Component C4 1uf
Added Member To Class: ClassName=U_MicroControllerSTM32f103 Member=Component C5 20pf
Added Member To Class: ClassName=U_MicroControllerSTM32f103 Member=Component C6 10pf
Added Member To Class: ClassName=U_MicroControllerSTM32f103 Member=Component C7 20pf
Added Member To Class: ClassName=U_MicroControllerSTM32f103 Member=Component C8 10pf
Added Member To Class: ClassName=U_MicroControllerSTM32f103 Member=Component C9 100pf
Added Member To Class: ClassName=U_MicroControllerSTM32f103 Member=Component C10 Cap_P
Added Member To Class: ClassName=U_MicroControllerSTM32f103 Member=Component C11 Cap
Added Member To Class: ClassName=U_MicroControllerSTM32f103 Member=Component C12 Cap
Added Member To Class: ClassName=U_MicroControllerSTM32f103 Member=Component C13 Cap
Added Member To Class: ClassName=U_MicroControllerSTM32f103 Member=Component C14 Cap
Added Member To Class: ClassName=U_MicroControllerSTM32f103 Member=Component C15 Cap
Added Member To Class: ClassName=U_Power Management Member=Component C16 Cap_P
Added Member To Class: ClassName=U_Power Management Member=Component C17 Cap_P
Added Member To Class: ClassName=U_Power Management Member=Component C18 Cap_P
Added Member To Class: ClassName=U_Power Management Member=Component C19 Cap
Added Member To Class: ClassName=U_Power Management Member=Component C20 Cap
Added Member To Class: ClassName=U_Power Management Member=Component C21 Cap
Added Member To Class: ClassName=U_Power Management Member=Component C22 Cap
Added Member To Class: ClassName=U_Power Management Member=Component C23 Cap
Added Member To Class: ClassName=U_Power Management Member=Component D1 Diode
Added Member To Class: ClassName=U_Power Management Member=Component D2 Diode
Added Member To Class: ClassName=U_Power Management Member=Component D3 Diode
Added Member To Class: ClassName=U_MicroControllerSTM32f103 Member=Component DS3 LED
Added Member To Class: ClassName=U_Power Management Member=Component DS4 LED
Added Member To Class: ClassName=U_Power Management Member=Component f1 Fuse
Added Member To Class: ClassName=U_MicroControllerSTM32f103 Member=Component I2 Inductor
Added Member To Class: ClassName=U_Power Management Member=Component I3 Inductor
Added Member To Class: ClassName=U_MicroControllerSTM32f103 Member=Component J1 Jumper
Added Member To Class: ClassName=U_MicroControllerSTM32f103 Member=Component J2 Jumper
Added Member To Class: ClassName=U_Power Management Member=Component K1 RelayMilon
Added Member To Class: ClassName=U_Power Management Member=Component K2 RelayMilon
Added Member To Class: ClassName=U_Communication and peripherals Member=Component R1 15K
Added Member To Class: ClassName=U_Communication and peripherals Member=Component R2 330
Added Member To Class: ClassName=U_Communication and peripherals Member=Component R3 330
Added Member To Class: ClassName=U_Communication and peripherals Member=Component R4 330
Added Member To Class: ClassName=U_MicroControllerSTM32f103 Member=Component R6 Resistor
Added Member To Class: ClassName=U_MicroControllerSTM32f103 Member=Component R7 Resistor
Added Member To Class: ClassName=U_MicroControllerSTM32f103 Member=Component R8 10k
Added Member To Class: ClassName=U_Power Management Member=Component R9 Resistor
Added Member To Class: ClassName=U_Power Management Member=Component R10 Resistor
Added Member To Class: ClassName=U_Power Management Member=Component R11 Resistor
Added Member To Class: ClassName=U_Power Management Member=Component R12 Resistor
Added Member To Class: ClassName=U_Power Management Member=Component Sc1 Screw
Added Member To Class: ClassName=U_Power Management Member=Component Sc2 Screw
Added Member To Class: ClassName=U_Power Management Member=Component Sc3 Screw
Added Member To Class: ClassName=U_Power Management Member=Component Sc4 Screw
Added Member To Class: ClassName=U_Communication and peripherals Member=Component T1 USB_B
Added Member To Class: ClassName=U_MicroControllerSTM32f103 Member=Component T2 Serial Program
Added Member To Class: ClassName=U_Power Management Member=Component T3 DC-Jack
Added Member To Class: ClassName=U_Power Management Member=Component T4 Phonix-4
Added Member To Class: ClassName=U_Power Management Member=Component T5 Phonix-2
Added Member To Class: ClassName=U_Communication and peripherals Member=Component U1 PL2303TA
Added Member To Class: ClassName=U_MicroControllerSTM32f103 Member=Component U2 STM32F103C8T6
Added Member To Class: ClassName=U_Power Management Member=Component U3 LM1117
Added Member To Class: ClassName=U_Power Management Member=Component U4 LM2576S
Added Member To Class: ClassName=U_Power Management Member=Component U5 ULN2003
Added Member To Class: ClassName=U_Power Management Member=Component U6 ACS712
Added Member To Class: ClassName=U_Communication and peripherals Member=Component Y1 12Mhz
Added Member To Class: ClassName=U_MicroControllerSTM32f103 Member=Component Y2 8Mhz
Added Member To Class: ClassName=U_MicroControllerSTM32f103 Member=Component Y3 32.768Khz
