Added Component: Designator=C1(Cap0805)
Add component. Clean all parameters for all variants
Add component (AddParameter): Name = ""; Value = ""; VariantName = "[No Variations]"
Added Component: Designator=C2(Cap0805)
Add component. Clean all parameters for all variants
Add component (AddParameter): Name = ""; Value = ""; VariantName = "[No Variations]"
Added Component: Designator=C3(Cap0805)
Add component. Clean all parameters for all variants
Add component (AddParameter): Name = ""; Value = ""; VariantName = "[No Variations]"
Added Component: Designator=C4(Cap0805)
Add component. Clean all parameters for all variants
Add component (AddParameter): Name = ""; Value = ""; VariantName = "[No Variations]"
Added Component: Designator=C5(Cap0805)
Add component. Clean all parameters for all variants
Add component (AddParameter): Name = ""; Value = ""; VariantName = "[No Variations]"
Added Component: Designator=C6(Cap0805)
Add component. Clean all parameters for all variants
Add component (AddParameter): Name = ""; Value = ""; VariantName = "[No Variations]"
Added Component: Designator=C7(Cap0805)
Add component. Clean all parameters for all variants
Add component (AddParameter): Name = ""; Value = ""; VariantName = "[No Variations]"
Added Component: Designator=C8(Cap0805)
Add component. Clean all parameters for all variants
Add component (AddParameter): Name = ""; Value = ""; VariantName = "[No Variations]"
Added Component: Designator=C9(Cap0805)
Add component. Clean all parameters for all variants
Add component (AddParameter): Name = ""; Value = ""; VariantName = "[No Variations]"
Added Component: Designator=C10(CAPMOL_C)
Add component. Clean all parameters for all variants
Add component (AddParameter): Name = ""; Value = ""; VariantName = "[No Variations]"
Added Component: Designator=C11(Cap0805)
Add component. Clean all parameters for all variants
Add component (AddParameter): Name = ""; Value = ""; VariantName = "[No Variations]"
Added Component: Designator=C12(Cap0805)
Add component. Clean all parameters for all variants
Add component (AddParameter): Name = ""; Value = ""; VariantName = "[No Variations]"
Added Component: Designator=C13(Cap0805)
Add component. Clean all parameters for all variants
Add component (AddParameter): Name = ""; Value = ""; VariantName = "[No Variations]"
Added Component: Designator=C14(Cap0805)
Add component. Clean all parameters for all variants
Add component (AddParameter): Name = ""; Value = ""; VariantName = "[No Variations]"
Added Component: Designator=C15(Cap0805)
Add component. Clean all parameters for all variants
Add component (AddParameter): Name = ""; Value = ""; VariantName = "[No Variations]"
Added Component: Designator=C16(Cap_4mm)
Add component. Clean all parameters for all variants
Add component (AddParameter): Name = ""; Value = ""; VariantName = "[No Variations]"
Added Component: Designator=C17(Cap_4mm)
Add component. Clean all parameters for all variants
Add component (AddParameter): Name = ""; Value = ""; VariantName = "[No Variations]"
Added Component: Designator=C18(Cap_5mm)
Add component. Clean all parameters for all variants
Add component (AddParameter): Name = ""; Value = ""; VariantName = "[No Variations]"
Added Component: Designator=C19(Cap0805)
Add component. Clean all parameters for all variants
Add component (AddParameter): Name = ""; Value = ""; VariantName = "[No Variations]"
Added Component: Designator=C20(Cap0805)
Add component. Clean all parameters for all variants
Add component (AddParameter): Name = ""; Value = ""; VariantName = "[No Variations]"
Added Component: Designator=C21(Cap0805)
Add component. Clean all parameters for all variants
Add component (AddParameter): Name = ""; Value = ""; VariantName = "[No Variations]"
Added Component: Designator=C22(Cap0805)
Add component. Clean all parameters for all variants
Add component (AddParameter): Name = ""; Value = ""; VariantName = "[No Variations]"
Added Component: Designator=C23(Cap0805)
Add component. Clean all parameters for all variants
Add component (AddParameter): Name = ""; Value = ""; VariantName = "[No Variations]"
Added Component: Designator=D1(Diod-1A-SMD)
Add component. Clean all parameters for all variants
Added Component: Designator=D2(Diod-1A-SMD)
Add component. Clean all parameters for all variants
Added Component: Designator=D3(Diod-1A-SMD)
Add component. Clean all parameters for all variants
Added Component: Designator=DS1(Led0805)
Add component. Clean all parameters for all variants
Added Component: Designator=DS2(Led0805)
Add component. Clean all parameters for all variants
Added Component: Designator=DS3(Led0805)
Add component. Clean all parameters for all variants
Added Component: Designator=DS4(Led0805)
Add component. Clean all parameters for all variants
Added Component: Designator=f1(1206)
Add component. Clean all parameters for all variants
Added Component: Designator=I1(1206)
Add component. Clean all parameters for all variants
Added Component: Designator=I2(1206)
Add component. Clean all parameters for all variants
Added Component: Designator=I3(Indicator_SMD)
Add component. Clean all parameters for all variants
Added Component: Designator=J1(Jumper SMD - Small)
Add component. Clean all parameters for all variants
Added Component: Designator=J2(Jumper SMD - Small)
Add component. Clean all parameters for all variants
Added Component: Designator=K1(Relay_MILONBIG)
Add component. Clean all parameters for all variants
Added Component: Designator=K2(Relay_MILONBIG)
Add component. Clean all parameters for all variants
Added Component: Designator=R1(R0805)
Add component. Clean all parameters for all variants
Added Component: Designator=R2(R0805)
Add component. Clean all parameters for all variants
Added Component: Designator=R3(R0805)
Add component. Clean all parameters for all variants
Added Component: Designator=R4(R0805)
Add component. Clean all parameters for all variants
Added Component: Designator=R5(R0805)
Add component. Clean all parameters for all variants
Added Component: Designator=R6(R0805)
Add component. Clean all parameters for all variants
Added Component: Designator=R7(R0805)
Add component. Clean all parameters for all variants
Added Component: Designator=R8(R0805)
Add component. Clean all parameters for all variants
Added Component: Designator=R9(R0805)
Add component. Clean all parameters for all variants
Added Component: Designator=R10(R0805)
Add component. Clean all parameters for all variants
Added Component: Designator=R11(R0805)
Add component. Clean all parameters for all variants
Added Component: Designator=R12(0603)
Add component. Clean all parameters for all variants
Added Component: Designator=Sc1(Screw)
Add component. Clean all parameters for all variants
Added Component: Designator=Sc2(Screw)
Add component. Clean all parameters for all variants
Added Component: Designator=Sc3(Screw)
Add component. Clean all parameters for all variants
Added Component: Designator=Sc4(Screw)
Add component. Clean all parameters for all variants
Added Component: Designator=T1(USB_Dip_R)
Add component. Clean all parameters for all variants
Added Component: Designator=T2(MHDR1X03-254P - E)
Add component. Clean all parameters for all variants
Added Component: Designator=T3(DC_powerjack)
Add component. Clean all parameters for all variants
Added Component: Designator=T4(Phonix-4)
Add component. Clean all parameters for all variants
Added Component: Designator=T5(Phonix-2)
Add component. Clean all parameters for all variants
Added Component: Designator=U1(LQFP-32_L)
Add component. Clean all parameters for all variants
Add component (AddParameter): Name = "ComponentLink1Description"; Value = "Manufacturer URL"; VariantName = "[No Variations]"
Add component (AddParameter): Name = "ComponentLink1URL"; Value = "http://www.ftdichip.com/"; VariantName = "[No Variations]"
Add component (AddParameter): Name = "ComponentLink2Description"; Value = "Datasheet"; VariantName = "[No Variations]"
Add component (AddParameter): Name = "ComponentLink2URL"; Value = "http://www.ftdichip.com/Support/Documents/DataSheets/ICs/DS_FT232BL_BQ.pdf"; VariantName = "[No Variations]"
Add component (AddParameter): Name = "DatasheetVersion"; Value = "ver 2.2, Nov-2011"; VariantName = "[No Variations]"
Add component (AddParameter): Name = "PackageDescription"; Value = "32-Pin Thin Quad Flat Pack 0.8 mm Pitch"; VariantName = "[No Variations]"
Add component (AddParameter): Name = "PackageReference"; Value = "LQFP-32"; VariantName = "[No Variations]"
Add component (AddParameter): Name = "PackageVersion"; Value = "2010"; VariantName = "[No Variations]"
Added Component: Designator=U2(LQFP48_L)
Add component. Clean all parameters for all variants
Add component (AddParameter): Name = "ComponentLink1Description"; Value = "Manufacturer URL"; VariantName = "[No Variations]"
Add component (AddParameter): Name = "ComponentLink1URL"; Value = "http://www.st.com/"; VariantName = "[No Variations]"
Add component (AddParameter): Name = "ComponentLink2Description"; Value = "STM32F103 Datasheet"; VariantName = "[No Variations]"
Add component (AddParameter): Name = "ComponentLink2URL"; Value = "http://www.st.com/internet/com/TECHNICAL_RESOURCES/TECHNICAL_LITERATURE/DATASHEET/CD00161566.pdf"; VariantName = "[No Variations]"
Add component (AddParameter): Name = "ComponentLink3Description"; Value = "STM32 Family Web Page"; VariantName = "[No Variations]"
Add component (AddParameter): Name = "ComponentLink3URL"; Value = "www.st.com/stm32"; VariantName = "[No Variations]"
Add component (AddParameter): Name = "DatasheetVersion"; Value = "rev13.0, Apr-2011"; VariantName = "[No Variations]"
Add component (AddParameter): Name = "PackageDescription"; Value = "48-Pin Low-Profile Quad Flat Pack, 7 x 7 mm Body, 0.5 mm Pitch (LQFP48)"; VariantName = "[No Variations]"
Add component (AddParameter): Name = "PackageReference"; Value = "LQFP48"; VariantName = "[No Variations]"
Add component (AddParameter): Name = "PackageVersion"; Value = "rev13, Apr-2011"; VariantName = "[No Variations]"
Added Component: Designator=U3(DPACK)
Add component. Clean all parameters for all variants
Added Component: Designator=U4(LM2576S)
Add component. Clean all parameters for all variants
Added Component: Designator=U5(SO16)
Add component. Clean all parameters for all variants
Added Component: Designator=U6(SOP8)
Add component. Clean all parameters for all variants
Added Component: Designator=Y1(CrystallB)
Add component. Clean all parameters for all variants
Add component (AddParameter): Name = ""; Value = "4MHz"; VariantName = "[No Variations]"
Added Component: Designator=Y2(CrystallB)
Add component. Clean all parameters for all variants
Add component (AddParameter): Name = ""; Value = "4MHz"; VariantName = "[No Variations]"
Added Component: Designator=Y3(CrystallB)
Add component. Clean all parameters for all variants
Add component (AddParameter): Name = ""; Value = "4MHz"; VariantName = "[No Variations]"
Added Pin To Net: NetName=NetC1_1 Pin=C1-1
Added Pin To Net: NetName=GND Pin=C1-2
Added Pin To Net: NetName=3V3FTD Pin=C2-1
Added Pin To Net: NetName=GND Pin=C2-2
Added Pin To Net: NetName=GND Pin=C3-1
Added Pin To Net: NetName=NetC3_2 Pin=C3-2
Added Pin To Net: NetName=GND Pin=C4-1
Added Pin To Net: NetName=NetC4_2 Pin=C4-2
Added Pin To Net: NetName=GND Pin=C5-1
Added Pin To Net: NetName=NetC5_2 Pin=C5-2
Added Pin To Net: NetName=GND Pin=C6-1
Added Pin To Net: NetName=NetC6_2 Pin=C6-2
Added Pin To Net: NetName=GND Pin=C7-1
Added Pin To Net: NetName=NetC7_2 Pin=C7-2
Added Pin To Net: NetName=GND Pin=C8-1
Added Pin To Net: NetName=NetC8_2 Pin=C8-2
Added Pin To Net: NetName=NetC9_1 Pin=C9-1
Added Pin To Net: NetName=GND Pin=C9-2
Added Pin To Net: NetName=GND Pin=C10-1
Added Pin To Net: NetName=+3.3V Pin=C10-2
Added Pin To Net: NetName=+3.3V Pin=C11-1
Added Pin To Net: NetName=GND Pin=C11-2
Added Pin To Net: NetName=+3.3V Pin=C12-1
Added Pin To Net: NetName=GND Pin=C12-2
Added Pin To Net: NetName=GND Pin=C13-1
Added Pin To Net: NetName=NetC13_2 Pin=C13-2
Added Pin To Net: NetName=GND Pin=C14-1
Added Pin To Net: NetName=+3.3V Pin=C14-2
Added Pin To Net: NetName=GND Pin=C15-1
Added Pin To Net: NetName=+3.3V Pin=C15-2
Added Pin To Net: NetName=GND Pin=C16-1
Added Pin To Net: NetName=+3.3V Pin=C16-2
Added Pin To Net: NetName=GND Pin=C17-1
Added Pin To Net: NetName=+5V Pin=C17-2
Added Pin To Net: NetName=GND Pin=C18-1
Added Pin To Net: NetName=VIN Pin=C18-2
Added Pin To Net: NetName=GND Pin=C19-1
Added Pin To Net: NetName=+3.3V Pin=C19-2
Added Pin To Net: NetName=GND Pin=C20-1
Added Pin To Net: NetName=+5V Pin=C20-2
Added Pin To Net: NetName=GND Pin=C21-1
Added Pin To Net: NetName=+3.3V Pin=C21-2
Added Pin To Net: NetName=GND Pin=C22-1
Added Pin To Net: NetName=NetC22_2 Pin=C22-2
Added Pin To Net: NetName=GND Pin=C23-1
Added Pin To Net: NetName=S-Current Pin=C23-2
Added Pin To Net: NetName=GND Pin=D1-A
Added Pin To Net: NetName=NetD1_K Pin=D1-K
Added Pin To Net: NetName=NetD2_A Pin=D2-A
Added Pin To Net: NetName=NetD2_K Pin=D2-K
Added Pin To Net: NetName=NetD3_A Pin=D3-A
Added Pin To Net: NetName=GND Pin=D3-K
Added Pin To Net: NetName=3V3FTD Pin=DS1-A
Added Pin To Net: NetName=NetDS1_K Pin=DS1-k
Added Pin To Net: NetName=3V3FTD Pin=DS2-A
Added Pin To Net: NetName=NetDS2_K Pin=DS2-k
Added Pin To Net: NetName=NetDS3_A Pin=DS3-A
Added Pin To Net: NetName=GND Pin=DS3-k
Added Pin To Net: NetName=NetDS4_A Pin=DS4-A
Added Pin To Net: NetName=GND Pin=DS4-k
Added Pin To Net: NetName=NetD2_K Pin=f1-1
Added Pin To Net: NetName=VIN Pin=f1-2
Added Pin To Net: NetName=NetC1_1 Pin=I1-1
Added Pin To Net: NetName=+5V Pin=I1-2
Added Pin To Net: NetName=+3.3V Pin=I2-1
Added Pin To Net: NetName=NetC13_2 Pin=I2-2
Added Pin To Net: NetName=NetD1_K Pin=I3-1
Added Pin To Net: NetName=+5V Pin=I3-2
Added Pin To Net: NetName=Boot1 Pin=J1-1
Added Pin To Net: NetName=GND Pin=J1-2
Added Pin To Net: NetName=NetC9_1 Pin=J2-1
Added Pin To Net: NetName=GND Pin=J2-2
Added Pin To Net: NetName=+5V Pin=K1-1
Added Pin To Net: NetName=V+(2)CCW Pin=K1-2
Added Pin To Net: NetName=NetK1_4 Pin=K1-4
Added Pin To Net: NetName=V+(2) Pin=K1-5
Added Pin To Net: NetName=+5V Pin=K2-1
Added Pin To Net: NetName=V+(2)CW Pin=K2-2
Added Pin To Net: NetName=NetK2_4 Pin=K2-4
Added Pin To Net: NetName=V+(2) Pin=K2-5
Added Pin To Net: NetName=USB_N Pin=R1-1
Added Pin To Net: NetName=NetR1_2 Pin=R1-2
Added Pin To Net: NetName=USB_P Pin=R2-1
Added Pin To Net: NetName=NetR2_2 Pin=R2-2
Added Pin To Net: NetName=NetR2_2 Pin=R3-1
Added Pin To Net: NetName=NetR3_2 Pin=R3-2
Added Pin To Net: NetName=NetR4_1 Pin=R4-1
Added Pin To Net: NetName=NetDS1_K Pin=R4-2
Added Pin To Net: NetName=NetR5_1 Pin=R5-1
Added Pin To Net: NetName=NetDS2_K Pin=R5-2
Added Pin To Net: NetName=SLD Pin=R6-1
Added Pin To Net: NetName=NetDS3_A Pin=R6-2
Added Pin To Net: NetName=NetR7_1 Pin=R7-1
Added Pin To Net: NetName=GND Pin=R7-2
Added Pin To Net: NetName=+3.3V Pin=R8-1
Added Pin To Net: NetName=NetC9_1 Pin=R8-2
Added Pin To Net: NetName=+3.3V Pin=R9-1
Added Pin To Net: NetName=NetDS4_A Pin=R9-2
Added Pin To Net: NetName=S-Current Pin=R10-1
Added Pin To Net: NetName=NetR10_2 Pin=R10-2
Added Pin To Net: NetName=S-Current Pin=R11-1
Added Pin To Net: NetName=GND Pin=R11-2
Added Pin To Net: NetName=GND Pin=R12-1
Added Pin To Net: NetName=NetD3_A Pin=R12-2
Added Pin To Net: NetName=NetD3_A Pin=Sc1-S
Added Pin To Net: NetName=NetD3_A Pin=Sc1-S
Added Pin To Net: NetName=NetD3_A Pin=Sc1-S
Added Pin To Net: NetName=NetD3_A Pin=Sc1-S
Added Pin To Net: NetName=NetD3_A Pin=Sc1-S
Added Pin To Net: NetName=NetD3_A Pin=Sc1-S
Added Pin To Net: NetName=NetD3_A Pin=Sc1-S
Added Pin To Net: NetName=NetD3_A Pin=Sc1-S
Added Pin To Net: NetName=NetD3_A Pin=Sc1-S
Added Pin To Net: NetName=VCC Pin=T1-1
Added Pin To Net: NetName=USB_N Pin=T1-2
Added Pin To Net: NetName=USB_P Pin=T1-3
Added Pin To Net: NetName=GND Pin=T1-4
Added Pin To Net: NetName=CLK Pin=T2-1
Added Pin To Net: NetName=DIO Pin=T2-2
Added Pin To Net: NetName=GND Pin=T2-3
Added Pin To Net: NetName=GND Pin=T3-1
Added Pin To Net: NetName=GND Pin=T3-1
Added Pin To Net: NetName=GND Pin=T3-1
Added Pin To Net: NetName=GND Pin=T3-1
Added Pin To Net: NetName=NetD2_A Pin=T3-2
Added Pin To Net: NetName=V+(2)CCW Pin=T4-1
Added Pin To Net: NetName=COM_OUT Pin=T4-2
Added Pin To Net: NetName=COM_OUT Pin=T4-3
Added Pin To Net: NetName=V+(2)CW Pin=T4-4
Added Pin To Net: NetName=COM Pin=T5-1
Added Pin To Net: NetName=V+(2) Pin=T5-2
Added Pin To Net: NetName=+5V Pin=U1-3
Added Pin To Net: NetName=+5V Pin=U1-4
Added Pin To Net: NetName=NetR3_2 Pin=U1-5
Added Pin To Net: NetName=3V3FTD Pin=U1-6
Added Pin To Net: NetName=NetR2_2 Pin=U1-7
Added Pin To Net: NetName=NetR1_2 Pin=U1-8
Added Pin To Net: NetName=GND Pin=U1-9
Added Pin To Net: NetName=NetR5_1 Pin=U1-11
Added Pin To Net: NetName=NetR4_1 Pin=U1-12
Added Pin To Net: NetName=GND Pin=U1-14
Added Pin To Net: NetName=GND Pin=U1-17
Added Pin To Net: NetName=RXUS Pin=U1-24
Added Pin To Net: NetName=TXUS Pin=U1-25
Added Pin To Net: NetName=+5V Pin=U1-26
Added Pin To Net: NetName=NetC3_2 Pin=U1-27
Added Pin To Net: NetName=NetC4_2 Pin=U1-28
Added Pin To Net: NetName=GND Pin=U1-29
Added Pin To Net: NetName=NetC1_1 Pin=U1-30
Added Pin To Net: NetName=GND Pin=U1-31
Added Pin To Net: NetName=+3.3V Pin=U2-1
Added Pin To Net: NetName=NetC6_2 Pin=U2-3
Added Pin To Net: NetName=NetC8_2 Pin=U2-4
Added Pin To Net: NetName=NetC5_2 Pin=U2-5
Added Pin To Net: NetName=NetC7_2 Pin=U2-6
Added Pin To Net: NetName=NetC9_1 Pin=U2-7
Added Pin To Net: NetName=GND Pin=U2-8
Added Pin To Net: NetName=NetC13_2 Pin=U2-9
Added Pin To Net: NetName=SLD Pin=U2-11
Added Pin To Net: NetName=INR1 Pin=U2-13
Added Pin To Net: NetName=INR2 Pin=U2-14
Added Pin To Net: NetName=S-Current Pin=U2-17
Added Pin To Net: NetName=Boot1 Pin=U2-20
Added Pin To Net: NetName=GND Pin=U2-23
Added Pin To Net: NetName=+3.3V Pin=U2-24
Added Pin To Net: NetName=RXUS Pin=U2-30
Added Pin To Net: NetName=TXUS Pin=U2-31
Added Pin To Net: NetName=DIO Pin=U2-34
Added Pin To Net: NetName=GND Pin=U2-35
Added Pin To Net: NetName=+3.3V Pin=U2-36
Added Pin To Net: NetName=CLK Pin=U2-37
Added Pin To Net: NetName=NetR7_1 Pin=U2-44
Added Pin To Net: NetName=GND Pin=U2-47
Added Pin To Net: NetName=+3.3V Pin=U2-48
Added Pin To Net: NetName=GND Pin=U3-1
Added Pin To Net: NetName=+3.3V Pin=U3-2
Added Pin To Net: NetName=+5V Pin=U3-3
Added Pin To Net: NetName=VIN Pin=U4-1
Added Pin To Net: NetName=NetD1_K Pin=U4-2
Added Pin To Net: NetName=GND Pin=U4-3
Added Pin To Net: NetName=GND Pin=U4-3
Added Pin To Net: NetName=+5V Pin=U4-4
Added Pin To Net: NetName=GND Pin=U4-5
Added Pin To Net: NetName=INR2 Pin=U5-1
Added Pin To Net: NetName=INR2 Pin=U5-2
Added Pin To Net: NetName=INR1 Pin=U5-3
Added Pin To Net: NetName=INR1 Pin=U5-4
Added Pin To Net: NetName=GND Pin=U5-8
Added Pin To Net: NetName=+5V Pin=U5-9
Added Pin To Net: NetName=NetK2_4 Pin=U5-13
Added Pin To Net: NetName=NetK2_4 Pin=U5-14
Added Pin To Net: NetName=NetK1_4 Pin=U5-15
Added Pin To Net: NetName=NetK1_4 Pin=U5-16
Added Pin To Net: NetName=COM_OUT Pin=U6-1
Added Pin To Net: NetName=COM_OUT Pin=U6-2
Added Pin To Net: NetName=COM Pin=U6-3
Added Pin To Net: NetName=COM Pin=U6-4
Added Pin To Net: NetName=GND Pin=U6-5
Added Pin To Net: NetName=NetC22_2 Pin=U6-6
Added Pin To Net: NetName=NetR10_2 Pin=U6-7
Added Pin To Net: NetName=+5V Pin=U6-8
Added Pin To Net: NetName=NetC3_2 Pin=Y1-1
Added Pin To Net: NetName=NetC4_2 Pin=Y1-2
Added Pin To Net: NetName=NetC7_2 Pin=Y2-1
Added Pin To Net: NetName=NetC5_2 Pin=Y2-2
Added Pin To Net: NetName=NetC6_2 Pin=Y3-1
Added Pin To Net: NetName=NetC8_2 Pin=Y3-2
Added Member To Class: ClassName=U_Communication and peripherals Member=Component C1 100nf
Added Member To Class: ClassName=U_Communication and peripherals Member=Component C2 100nf
Added Member To Class: ClassName=U_Communication and peripherals Member=Component C3 27pf
Added Member To Class: ClassName=U_Communication and peripherals Member=Component C4 27pf
Added Member To Class: ClassName=U_MicroControllerSTM32f103 Member=Component C5 20pf
Added Member To Class: ClassName=U_MicroControllerSTM32f103 Member=Component C6 10pf
Added Member To Class: ClassName=U_MicroControllerSTM32f103 Member=Component C7 20pf
Added Member To Class: ClassName=U_MicroControllerSTM32f103 Member=Component C8 10pf
Added Member To Class: ClassName=U_MicroControllerSTM32f103 Member=Component C9 100pf
Added Member To Class: ClassName=U_MicroControllerSTM32f103 Member=Component C10 Cap_P
Added Member To Class: ClassName=U_MicroControllerSTM32f103 Member=Component C11 Cap
Added Member To Class: ClassName=U_MicroControllerSTM32f103 Member=Component C12 Cap
Added Member To Class: ClassName=U_MicroControllerSTM32f103 Member=Component C13 Cap
Added Member To Class: ClassName=U_MicroControllerSTM32f103 Member=Component C14 Cap
Added Member To Class: ClassName=U_MicroControllerSTM32f103 Member=Component C15 Cap
Added Member To Class: ClassName=U_Power Management Member=Component C16 Cap_P
Added Member To Class: ClassName=U_Power Management Member=Component C17 Cap_P
Added Member To Class: ClassName=U_Power Management Member=Component C18 Cap_P
Added Member To Class: ClassName=U_Power Management Member=Component C19 Cap
Added Member To Class: ClassName=U_Power Management Member=Component C20 Cap
Added Member To Class: ClassName=U_Power Management Member=Component C21 Cap
Added Member To Class: ClassName=U_Power Management Member=Component C22 Cap
Added Member To Class: ClassName=U_Power Management Member=Component C23 Cap
Added Member To Class: ClassName=U_Power Management Member=Component D1 Diode
Added Member To Class: ClassName=U_Power Management Member=Component D2 Diode
Added Member To Class: ClassName=U_Power Management Member=Component D3 Diode
Added Member To Class: ClassName=U_Communication and peripherals Member=Component DS1 LED
Added Member To Class: ClassName=U_Communication and peripherals Member=Component DS2 LED
Added Member To Class: ClassName=U_MicroControllerSTM32f103 Member=Component DS3 LED
Added Member To Class: ClassName=U_Power Management Member=Component DS4 LED
Added Member To Class: ClassName=U_Power Management Member=Component f1 Fuse
Added Member To Class: ClassName=U_Communication and peripherals Member=Component I1 Inductor
Added Member To Class: ClassName=U_MicroControllerSTM32f103 Member=Component I2 Inductor
Added Member To Class: ClassName=U_Power Management Member=Component I3 Inductor
Added Member To Class: ClassName=U_MicroControllerSTM32f103 Member=Component J1 Jumper
Added Member To Class: ClassName=U_MicroControllerSTM32f103 Member=Component J2 Jumper
Added Member To Class: ClassName=U_Power Management Member=Component K1 RelayMilon
Added Member To Class: ClassName=U_Power Management Member=Component K2 RelayMilon
Added Member To Class: ClassName=U_Communication and peripherals Member=Component R1 330
Added Member To Class: ClassName=U_Communication and peripherals Member=Component R2 330
Added Member To Class: ClassName=U_Communication and peripherals Member=Component R3 330
Added Member To Class: ClassName=U_Communication and peripherals Member=Component R4 330
Added Member To Class: ClassName=U_Communication and peripherals Member=Component R5 330
Added Member To Class: ClassName=U_MicroControllerSTM32f103 Member=Component R6 Resistor
Added Member To Class: ClassName=U_MicroControllerSTM32f103 Member=Component R7 Resistor
Added Member To Class: ClassName=U_MicroControllerSTM32f103 Member=Component R8 10k
Added Member To Class: ClassName=U_Power Management Member=Component R9 Resistor
Added Member To Class: ClassName=U_Power Management Member=Component R10 Resistor
Added Member To Class: ClassName=U_Power Management Member=Component R11 Resistor
Added Member To Class: ClassName=U_Power Management Member=Component R12 Resistor
Added Member To Class: ClassName=U_Power Management Member=Component Sc1 Screw
Added Member To Class: ClassName=U_Power Management Member=Component Sc2 Screw
Added Member To Class: ClassName=U_Power Management Member=Component Sc3 Screw
Added Member To Class: ClassName=U_Power Management Member=Component Sc4 Screw
Added Member To Class: ClassName=U_Communication and peripherals Member=Component T1 USB_B
Added Member To Class: ClassName=U_MicroControllerSTM32f103 Member=Component T2 Serial Program
Added Member To Class: ClassName=U_Power Management Member=Component T3 DC-Jack
Added Member To Class: ClassName=U_Power Management Member=Component T4 Phonix-4
Added Member To Class: ClassName=U_Power Management Member=Component T5 Phonix-2
Added Member To Class: ClassName=U_Communication and peripherals Member=Component U1 FT232BL
Added Member To Class: ClassName=U_MicroControllerSTM32f103 Member=Component U2 STM32F103C8T6
Added Member To Class: ClassName=U_Power Management Member=Component U3 LM1117
Added Member To Class: ClassName=U_Power Management Member=Component U4 LM2576S
Added Member To Class: ClassName=U_Power Management Member=Component U5 ULN2003
Added Member To Class: ClassName=U_Power Management Member=Component U6 ACS712
Added Member To Class: ClassName=U_Communication and peripherals Member=Component Y1 6Mhz
Added Member To Class: ClassName=U_MicroControllerSTM32f103 Member=Component Y2 8Mhz
Added Member To Class: ClassName=U_MicroControllerSTM32f103 Member=Component Y3 32.768Khz
Added Room: Name=U_Communication and peripherals
Added Room: Name=U_MicroControllerSTM32f103
Added Room: Name=U_Power Management
